<?xml version="1.0" encoding="UTF-8"?>
<testsuites>
  <testsuite name="Swag Labs Ecomerce" timestamp="2022-10-21T12:32:19" time="18.255" tests="3" failures="0" errors="0" skipped="0">
    <properties>
      <property name="specId" value="0"/>
      <property name="featureName" value="Swag Labs Ecomerce"/>
      <property name="capabilities" value="chrome.106_0_5249_119.macosx"/>
      <property name="featureFile" value="./test/features/demo/ecomerce.feature"/>
    </properties>
    <testcase classname="CucumberJUnitReport-chrome.106_0_5249_119.macosx.Swag Labs Ecomerce" name="Login to the app" time="4.788">
      <system-out><![CDATA[
✅ Given Swag Labs url is open✅ When User login with standard_user and secret_sauce✅ Then User click on the login button✅ Then The header title should match PRODUCTS
]]></system-out>
    </testcase>
    <testcase classname="CucumberJUnitReport-chrome.106_0_5249_119.macosx.Swag Labs Ecomerce" name="Login to the app" time="4.22">
      <system-out><![CDATA[
✅ Given Swag Labs url is open✅ When User login with problem_user and secret_sauce✅ Then User click on the login button✅ Then The header title should match PRODUCTS
]]></system-out>
    </testcase>
    <testcase classname="CucumberJUnitReport-chrome.106_0_5249_119.macosx.Swag Labs Ecomerce" name="Login to the app" time="9.236">
      <system-out><![CDATA[
✅ Given Swag Labs url is open✅ When User login with performance_glitch_user and secret_sauce✅ Then User click on the login button✅ Then The header title should match PRODUCTS
]]></system-out>
    </testcase>
  </testsuite>
</testsuites>